[debug] [2020-05-06T20:55:32.181Z] ----------------------------------------------------------------------
[debug] [2020-05-06T20:55:32.185Z] Command:       /usr/local/bin/node /usr/local/bin/firebase emulators:start --only functions
[debug] [2020-05-06T20:55:32.186Z] CLI Version:   8.1.1
[debug] [2020-05-06T20:55:32.186Z] Platform:      darwin
[debug] [2020-05-06T20:55:32.186Z] Node Version:  v10.16.3
[debug] [2020-05-06T20:55:32.188Z] Time:          Thu May 07 2020 02:25:32 GMT+0530 (India Standard Time)
[debug] [2020-05-06T20:55:32.188Z] ----------------------------------------------------------------------
[debug] [2020-05-06T20:55:32.188Z] 
[debug] [2020-05-06T20:55:32.204Z] > command requires scopes: ["email","openid","https://www.googleapis.com/auth/cloudplatformprojects.readonly","https://www.googleapis.com/auth/firebase","https://www.googleapis.com/auth/cloud-platform"]
[debug] [2020-05-06T20:55:32.209Z] > authorizing via signed-in user
[info] i  emulators: Starting emulators: functions
[debug] [2020-05-06T20:55:32.278Z] [hub] writing locator at /var/folders/9b/qw_yvc6d0_5gl3cqgknb8b2m0000gn/T/hub-kbtechspace-8907.json
[info] ✔  hub: emulator hub started at http://localhost:4400
[info] ✔  functions: Using node@10 from host.
[info] ✔  functions: functions emulator started at http://localhost:5001
[info] i  functions: Watching "/Users/auzmor/Desktop/Personal/kbtechspace-site/functions" for Cloud Functions...
[debug] [2020-05-06T20:55:32.586Z] [worker-pool] addWorker(~diagnostic~) 
[debug] [2020-05-06T20:55:32.587Z] [worker-pool] Adding worker with key ~diagnostic~, total=1 
[debug] [2020-05-06T20:55:32.587Z] [worker-pool] submitWork(triggerId=) 
[debug] [2020-05-06T20:55:32.592Z] [worker-~diagnostic~-732442fa-b81b-4e27-ac23-a244e0c68017]: Assigning socketPath: /var/folders/9b/qw_yvc6d0_5gl3cqgknb8b2m0000gn/T/fire_emu_16393.sock 
[debug] [2020-05-06T20:55:32.592Z] [worker-~diagnostic~-732442fa-b81b-4e27-ac23-a244e0c68017]: BUSY 
[debug] [2020-05-06T20:55:32.932Z] [runtime-status] [16393] Functions runtime initialized. {"cwd":"/Users/auzmor/Desktop/Personal/kbtechspace-site/functions","node_version":"10.16.3"} 
[debug] [2020-05-06T20:55:32.932Z] [runtime-status] [16393] Disabled runtime features: undefined 
[debug] [2020-05-06T20:55:32.936Z] [runtime-status] [16393] Resolved module firebase-admin {"declared":true,"installed":true,"version":"8.11.0","resolution":"/Users/auzmor/Desktop/Personal/kbtechspace-site/functions/node_modules/firebase-admin/lib/index.js"} 
[debug] [2020-05-06T20:55:32.939Z] [runtime-status] [16393] Resolved module firebase-functions {"declared":true,"installed":true,"version":"3.6.0","resolution":"/Users/auzmor/Desktop/Personal/kbtechspace-site/functions/node_modules/firebase-functions/lib/index.js"} 
[debug] [2020-05-06T20:55:32.945Z] [runtime-status] [16393] Outgoing network have been stubbed. [{"name":"http","status":"mocked"},{"name":"http","status":"mocked"},{"name":"https","status":"mocked"},{"name":"https","status":"mocked"},{"name":"net","status":"mocked"}] 
[debug] [2020-05-06T20:55:33.049Z] [runtime-status] [16393] Checked functions.config() {"config":{}} 
[debug] [2020-05-06T20:55:33.050Z] [runtime-status] [16393] Resolved module firebase-functions {"declared":true,"installed":true,"version":"3.6.0","resolution":"/Users/auzmor/Desktop/Personal/kbtechspace-site/functions/node_modules/firebase-functions/lib/index.js"} 
[debug] [2020-05-06T20:55:33.052Z] [runtime-status] [16393] Resolved module firebase-admin {"declared":true,"installed":true,"version":"8.11.0","resolution":"/Users/auzmor/Desktop/Personal/kbtechspace-site/functions/node_modules/firebase-admin/lib/index.js"} 
[debug] [2020-05-06T20:55:33.052Z] [runtime-status] [16393] Resolved module firebase-functions {"declared":true,"installed":true,"version":"3.6.0","resolution":"/Users/auzmor/Desktop/Personal/kbtechspace-site/functions/node_modules/firebase-functions/lib/index.js"} 
[debug] [2020-05-06T20:55:33.052Z] [runtime-status] [16393] firebase-admin has been stubbed. {"adminResolution":{"declared":true,"installed":true,"version":"8.11.0","resolution":"/Users/auzmor/Desktop/Personal/kbtechspace-site/functions/node_modules/firebase-admin/lib/index.js"}} 
[info] ✔  functions[helloWorld]: http function initialized (http://localhost:5001/kbtechspace-8907/us-central1/helloWorld).
[info] ✔  functions[gaPageView]: http function initialized (http://localhost:5001/kbtechspace-8907/us-central1/gaPageView).
[info] ✔  functions[linkedInView]: http function initialized (http://localhost:5001/kbtechspace-8907/us-central1/linkedInView).
[info] ✔  emulators: All emulators started, it is now safe to connect.
[debug] [2020-05-06T20:55:34.608Z] [worker-~diagnostic~-732442fa-b81b-4e27-ac23-a244e0c68017]: IDLE 
[debug] [2020-05-06T20:56:02.184Z] [work-queue] {"queueLength":1,"workRunningCount":0}
[debug] [2020-05-06T20:56:02.185Z] [work-queue] {"queueLength":0,"workRunningCount":1}
[debug] [2020-05-06T20:56:02.186Z] Accepted request GET /kbtechspace-8907/us-central1/helloWorld --> helloWorld
[debug] [2020-05-06T20:56:02.209Z] [worker-pool] addWorker(helloWorld) 
[debug] [2020-05-06T20:56:02.209Z] [worker-pool] Adding worker with key helloWorld, total=1 
[debug] [2020-05-06T20:56:02.210Z] [worker-pool] submitWork(triggerId=helloWorld) 
[debug] [2020-05-06T20:56:02.210Z] [worker-helloWorld-49995095-e4cc-4f5f-8a27-b7799bed0692]: Assigning socketPath: /var/folders/9b/qw_yvc6d0_5gl3cqgknb8b2m0000gn/T/fire_emu_16407.sock 
[debug] [2020-05-06T20:56:02.212Z] [worker-helloWorld-49995095-e4cc-4f5f-8a27-b7799bed0692]: BUSY 
[debug] [2020-05-06T20:56:02.861Z] [runtime-status] [16407] Functions runtime initialized. {"cwd":"/Users/auzmor/Desktop/Personal/kbtechspace-site/functions","node_version":"10.16.3"} 
[debug] [2020-05-06T20:56:02.864Z] [runtime-status] [16407] Disabled runtime features: undefined 
[debug] [2020-05-06T20:56:02.866Z] [runtime-status] [16407] Resolved module firebase-admin {"declared":true,"installed":true,"version":"8.11.0","resolution":"/Users/auzmor/Desktop/Personal/kbtechspace-site/functions/node_modules/firebase-admin/lib/index.js"} 
[debug] [2020-05-06T20:56:02.867Z] [runtime-status] [16407] Resolved module firebase-functions {"declared":true,"installed":true,"version":"3.6.0","resolution":"/Users/auzmor/Desktop/Personal/kbtechspace-site/functions/node_modules/firebase-functions/lib/index.js"} 
[debug] [2020-05-06T20:56:02.872Z] [runtime-status] [16407] Outgoing network have been stubbed. [{"name":"http","status":"mocked"},{"name":"http","status":"mocked"},{"name":"https","status":"mocked"},{"name":"https","status":"mocked"},{"name":"net","status":"mocked"}] 
[debug] [2020-05-06T20:56:02.920Z] [runtime-status] [16407] Checked functions.config() {"config":{}} 
[debug] [2020-05-06T20:56:02.922Z] [runtime-status] [16407] Resolved module firebase-functions {"declared":true,"installed":true,"version":"3.6.0","resolution":"/Users/auzmor/Desktop/Personal/kbtechspace-site/functions/node_modules/firebase-functions/lib/index.js"} 
[debug] [2020-05-06T20:56:02.923Z] [runtime-status] [16407] Resolved module firebase-admin {"declared":true,"installed":true,"version":"8.11.0","resolution":"/Users/auzmor/Desktop/Personal/kbtechspace-site/functions/node_modules/firebase-admin/lib/index.js"} 
[debug] [2020-05-06T20:56:02.925Z] [runtime-status] [16407] Resolved module firebase-functions {"declared":true,"installed":true,"version":"3.6.0","resolution":"/Users/auzmor/Desktop/Personal/kbtechspace-site/functions/node_modules/firebase-functions/lib/index.js"} 
[debug] [2020-05-06T20:56:02.925Z] [runtime-status] [16407] firebase-admin has been stubbed. {"adminResolution":{"declared":true,"installed":true,"version":"8.11.0","resolution":"/Users/auzmor/Desktop/Personal/kbtechspace-site/functions/node_modules/firebase-admin/lib/index.js"}} 
[debug] [2020-05-06T20:56:03.465Z] [runtime-status] [16407] Trigger "helloWorld" has been found, beginning invocation! 
[info] i  functions: Beginning execution of "helloWorld"
[debug] [2020-05-06T20:56:03.466Z] [runtime-status] [16407] triggerDefinition {"httpsTrigger":{},"name":"helloWorld","entryPoint":"helloWorld"} 
[debug] [2020-05-06T20:56:03.467Z] [runtime-status] [16407] Running helloWorld in mode HTTPS 
[debug] [2020-05-06T20:56:03.471Z] [runtime-status] [16407] Attempting to listen to socketPath: /var/folders/9b/qw_yvc6d0_5gl3cqgknb8b2m0000gn/T/fire_emu_16407.sock 
[debug] [2020-05-06T20:56:03.480Z] [functions] Runtime ready! Sending request! 
[debug] [2020-05-06T20:56:03.496Z] [runtime-status] [16407] Ephemeral server handling GET request 
[debug] [2020-05-06T20:56:03.508Z] [runtime-status] [16407] Ephemeral server survived. 
[info] i  functions: Finished "helloWorld" in ~1s
[debug] [2020-05-06T20:56:03.552Z] [worker-helloWorld-49995095-e4cc-4f5f-8a27-b7799bed0692]: IDLE 
[debug] [2020-05-06T20:56:03.552Z] [work-queue] {"queueLength":0,"workRunningCount":0}
[debug] [2020-05-06T20:56:09.040Z] [work-queue] {"queueLength":1,"workRunningCount":0}
[debug] [2020-05-06T20:56:09.040Z] [work-queue] {"queueLength":0,"workRunningCount":1}
[debug] [2020-05-06T20:56:09.041Z] Accepted request GET /kbtechspace-8907/us-central1/gaPageView --> gaPageView
[debug] [2020-05-06T20:56:09.070Z] [worker-pool] addWorker(gaPageView) 
[debug] [2020-05-06T20:56:09.070Z] [worker-pool] Adding worker with key gaPageView, total=1 
[debug] [2020-05-06T20:56:09.070Z] [worker-pool] submitWork(triggerId=gaPageView) 
[debug] [2020-05-06T20:56:09.071Z] [worker-gaPageView-ab4f81f3-b380-4bcb-b5e4-edb7a2a45597]: Assigning socketPath: /var/folders/9b/qw_yvc6d0_5gl3cqgknb8b2m0000gn/T/fire_emu_16409.sock 
[debug] [2020-05-06T20:56:09.071Z] [worker-gaPageView-ab4f81f3-b380-4bcb-b5e4-edb7a2a45597]: BUSY 
[debug] [2020-05-06T20:56:09.656Z] [runtime-status] [16409] Functions runtime initialized. {"cwd":"/Users/auzmor/Desktop/Personal/kbtechspace-site/functions","node_version":"10.16.3"} 
[debug] [2020-05-06T20:56:09.658Z] [runtime-status] [16409] Disabled runtime features: undefined 
[debug] [2020-05-06T20:56:09.662Z] [runtime-status] [16409] Resolved module firebase-admin {"declared":true,"installed":true,"version":"8.11.0","resolution":"/Users/auzmor/Desktop/Personal/kbtechspace-site/functions/node_modules/firebase-admin/lib/index.js"} 
[debug] [2020-05-06T20:56:09.664Z] [runtime-status] [16409] Resolved module firebase-functions {"declared":true,"installed":true,"version":"3.6.0","resolution":"/Users/auzmor/Desktop/Personal/kbtechspace-site/functions/node_modules/firebase-functions/lib/index.js"} 
[debug] [2020-05-06T20:56:09.669Z] [runtime-status] [16409] Outgoing network have been stubbed. [{"name":"http","status":"mocked"},{"name":"http","status":"mocked"},{"name":"https","status":"mocked"},{"name":"https","status":"mocked"},{"name":"net","status":"mocked"}] 
[debug] [2020-05-06T20:56:09.714Z] [runtime-status] [16409] Checked functions.config() {"config":{}} 
[debug] [2020-05-06T20:56:09.715Z] [runtime-status] [16409] Resolved module firebase-functions {"declared":true,"installed":true,"version":"3.6.0","resolution":"/Users/auzmor/Desktop/Personal/kbtechspace-site/functions/node_modules/firebase-functions/lib/index.js"} 
[debug] [2020-05-06T20:56:09.715Z] [runtime-status] [16409] Resolved module firebase-admin {"declared":true,"installed":true,"version":"8.11.0","resolution":"/Users/auzmor/Desktop/Personal/kbtechspace-site/functions/node_modules/firebase-admin/lib/index.js"} 
[debug] [2020-05-06T20:56:09.716Z] [runtime-status] [16409] Resolved module firebase-functions {"declared":true,"installed":true,"version":"3.6.0","resolution":"/Users/auzmor/Desktop/Personal/kbtechspace-site/functions/node_modules/firebase-functions/lib/index.js"} 
[debug] [2020-05-06T20:56:09.716Z] [runtime-status] [16409] firebase-admin has been stubbed. {"adminResolution":{"declared":true,"installed":true,"version":"8.11.0","resolution":"/Users/auzmor/Desktop/Personal/kbtechspace-site/functions/node_modules/firebase-admin/lib/index.js"}} 
[debug] [2020-05-06T20:56:10.257Z] [runtime-status] [16409] Trigger "gaPageView" has been found, beginning invocation! 
[info] i  functions: Beginning execution of "gaPageView"
[debug] [2020-05-06T20:56:10.258Z] [runtime-status] [16409] triggerDefinition {"httpsTrigger":{},"name":"gaPageView","entryPoint":"gaPageView"} 
[debug] [2020-05-06T20:56:10.259Z] [runtime-status] [16409] Running gaPageView in mode HTTPS 
[debug] [2020-05-06T20:56:10.265Z] [runtime-status] [16409] Attempting to listen to socketPath: /var/folders/9b/qw_yvc6d0_5gl3cqgknb8b2m0000gn/T/fire_emu_16409.sock 
[debug] [2020-05-06T20:56:10.269Z] [functions] Runtime ready! Sending request! 
[debug] [2020-05-06T20:56:10.281Z] [runtime-status] [16409] Ephemeral server handling GET request 
[debug] [2020-05-06T20:56:10.285Z] [runtime-status] [16409] Ephemeral server survived. 
[warn] ⚠  functions: TypeError: Cannot read property 'toString' of undefined
    at exports.gaPageView.functions.https.onRequest (/Users/auzmor/Desktop/Personal/kbtechspace-site/functions/lib/index.js:29:33)
    at runFunction (/Users/auzmor/.config/yarn/global/node_modules/firebase-tools/lib/emulator/functionsEmulatorRuntime.js:570:20)
    at /Users/auzmor/.config/yarn/global/node_modules/firebase-tools/lib/emulator/functionsEmulatorRuntime.js:545:19
    at Generator.next (<anonymous>)
    at /Users/auzmor/.config/yarn/global/node_modules/firebase-tools/lib/emulator/functionsEmulatorRuntime.js:8:71
    at new Promise (<anonymous>)
    at __awaiter (/Users/auzmor/.config/yarn/global/node_modules/firebase-tools/lib/emulator/functionsEmulatorRuntime.js:4:12)
    at runFunction (/Users/auzmor/.config/yarn/global/node_modules/firebase-tools/lib/emulator/functionsEmulatorRuntime.js:542:12)
    at /Users/auzmor/.config/yarn/global/node_modules/firebase-tools/lib/emulator/functionsEmulatorRuntime.js:569:15
    at Generator.next (<anonymous>)
[warn] ⚠  Your function was killed because it raised an unhandled error.
[debug] [2020-05-06T20:56:10.302Z] [worker-gaPageView-ab4f81f3-b380-4bcb-b5e4-edb7a2a45597]: exited 
[debug] [2020-05-06T20:56:10.302Z] [worker-gaPageView-ab4f81f3-b380-4bcb-b5e4-edb7a2a45597]: FINISHED 
[debug] [2020-05-06T20:56:10.302Z] [work-queue] {"queueLength":0,"workRunningCount":0}
[debug] [2020-05-06T20:56:19.411Z] [work-queue] {"queueLength":1,"workRunningCount":0}
[debug] [2020-05-06T20:56:19.411Z] [work-queue] {"queueLength":0,"workRunningCount":1}
[debug] [2020-05-06T20:56:19.411Z] Accepted request GET /kbtechspace-8907/us-central1/linkedInView --> linkedInView
[debug] [2020-05-06T20:56:19.412Z] [worker-pool] Cleaned up workers for gaPageView: 1 --> 0 
[debug] [2020-05-06T20:56:19.437Z] [worker-pool] addWorker(linkedInView) 
[debug] [2020-05-06T20:56:19.438Z] [worker-pool] Adding worker with key linkedInView, total=1 
[debug] [2020-05-06T20:56:19.438Z] [worker-pool] submitWork(triggerId=linkedInView) 
[debug] [2020-05-06T20:56:19.438Z] [worker-linkedInView-f33792d1-91c7-4ba1-9d64-b011dff9a6f1]: Assigning socketPath: /var/folders/9b/qw_yvc6d0_5gl3cqgknb8b2m0000gn/T/fire_emu_16411.sock 
[debug] [2020-05-06T20:56:19.438Z] [worker-linkedInView-f33792d1-91c7-4ba1-9d64-b011dff9a6f1]: BUSY 
[debug] [2020-05-06T20:56:20.069Z] [runtime-status] [16411] Functions runtime initialized. {"cwd":"/Users/auzmor/Desktop/Personal/kbtechspace-site/functions","node_version":"10.16.3"} 
[debug] [2020-05-06T20:56:20.071Z] [runtime-status] [16411] Disabled runtime features: undefined 
[debug] [2020-05-06T20:56:20.074Z] [runtime-status] [16411] Resolved module firebase-admin {"declared":true,"installed":true,"version":"8.11.0","resolution":"/Users/auzmor/Desktop/Personal/kbtechspace-site/functions/node_modules/firebase-admin/lib/index.js"} 
[debug] [2020-05-06T20:56:20.075Z] [runtime-status] [16411] Resolved module firebase-functions {"declared":true,"installed":true,"version":"3.6.0","resolution":"/Users/auzmor/Desktop/Personal/kbtechspace-site/functions/node_modules/firebase-functions/lib/index.js"} 
[debug] [2020-05-06T20:56:20.080Z] [runtime-status] [16411] Outgoing network have been stubbed. [{"name":"http","status":"mocked"},{"name":"http","status":"mocked"},{"name":"https","status":"mocked"},{"name":"https","status":"mocked"},{"name":"net","status":"mocked"}] 
[debug] [2020-05-06T20:56:20.123Z] [runtime-status] [16411] Checked functions.config() {"config":{}} 
[debug] [2020-05-06T20:56:20.124Z] [runtime-status] [16411] Resolved module firebase-functions {"declared":true,"installed":true,"version":"3.6.0","resolution":"/Users/auzmor/Desktop/Personal/kbtechspace-site/functions/node_modules/firebase-functions/lib/index.js"} 
[debug] [2020-05-06T20:56:20.125Z] [runtime-status] [16411] Resolved module firebase-admin {"declared":true,"installed":true,"version":"8.11.0","resolution":"/Users/auzmor/Desktop/Personal/kbtechspace-site/functions/node_modules/firebase-admin/lib/index.js"} 
[debug] [2020-05-06T20:56:20.125Z] [runtime-status] [16411] Resolved module firebase-functions {"declared":true,"installed":true,"version":"3.6.0","resolution":"/Users/auzmor/Desktop/Personal/kbtechspace-site/functions/node_modules/firebase-functions/lib/index.js"} 
[debug] [2020-05-06T20:56:20.126Z] [runtime-status] [16411] firebase-admin has been stubbed. {"adminResolution":{"declared":true,"installed":true,"version":"8.11.0","resolution":"/Users/auzmor/Desktop/Personal/kbtechspace-site/functions/node_modules/firebase-admin/lib/index.js"}} 
[debug] [2020-05-06T20:56:20.672Z] [runtime-status] [16411] Trigger "linkedInView" has been found, beginning invocation! 
[info] i  functions: Beginning execution of "linkedInView"
[debug] [2020-05-06T20:56:20.673Z] [runtime-status] [16411] triggerDefinition {"httpsTrigger":{},"name":"linkedInView","entryPoint":"linkedInView"} 
[debug] [2020-05-06T20:56:20.673Z] [runtime-status] [16411] Running linkedInView in mode HTTPS 
[debug] [2020-05-06T20:56:20.680Z] [runtime-status] [16411] Attempting to listen to socketPath: /var/folders/9b/qw_yvc6d0_5gl3cqgknb8b2m0000gn/T/fire_emu_16411.sock 
[debug] [2020-05-06T20:56:20.686Z] [functions] Runtime ready! Sending request! 
[debug] [2020-05-06T20:56:20.696Z] [runtime-status] [16411] Ephemeral server handling GET request 
[debug] [2020-05-06T20:56:21.028Z] [runtime-status] [16411] Ephemeral server survived. 
[warn] ⚠  functions: Error: Request failed with status code 400
    at createError (/Users/auzmor/Desktop/Personal/kbtechspace-site/functions/node_modules/axios/lib/core/createError.js:16:15)
    at settle (/Users/auzmor/Desktop/Personal/kbtechspace-site/functions/node_modules/axios/lib/core/settle.js:17:12)
    at IncomingMessage.handleStreamEnd (/Users/auzmor/Desktop/Personal/kbtechspace-site/functions/node_modules/axios/lib/adapters/http.js:236:11)
    at IncomingMessage.emit (events.js:203:15)
    at endReadableNT (_stream_readable.js:1145:12)
    at process._tickCallback (internal/process/next_tick.js:63:19)
[warn] ⚠  Your function was killed because it raised an unhandled error.
[debug] [2020-05-06T20:56:21.050Z] [worker-linkedInView-f33792d1-91c7-4ba1-9d64-b011dff9a6f1]: exited 
[debug] [2020-05-06T20:56:21.050Z] [worker-linkedInView-f33792d1-91c7-4ba1-9d64-b011dff9a6f1]: FINISHED 
[debug] [2020-05-06T20:56:21.050Z] [work-queue] {"queueLength":0,"workRunningCount":0}
[debug] [2020-05-06T20:56:44.468Z] File /Users/auzmor/Desktop/Personal/kbtechspace-site/functions/src/index.ts changed, reloading triggers 
[debug] [2020-05-06T20:56:45.470Z] [worker-pool] Shutting down IDLE worker (~diagnostic~) 
[debug] [2020-05-06T20:56:45.470Z] [worker-~diagnostic~-732442fa-b81b-4e27-ac23-a244e0c68017]: FINISHING 
[debug] [2020-05-06T20:56:45.471Z] [worker-pool] Shutting down IDLE worker (helloWorld) 
[debug] [2020-05-06T20:56:45.471Z] [worker-helloWorld-49995095-e4cc-4f5f-8a27-b7799bed0692]: FINISHING 
[debug] [2020-05-06T20:56:45.471Z] [worker-pool] Cleaned up workers for linkedInView: 1 --> 0 
[debug] [2020-05-06T20:56:45.480Z] [worker-pool] addWorker(~diagnostic~) 
[debug] [2020-05-06T20:56:45.485Z] [worker-pool] Adding worker with key ~diagnostic~, total=2 
[debug] [2020-05-06T20:56:45.485Z] [worker-pool] submitWork(triggerId=) 
[debug] [2020-05-06T20:56:45.485Z] [worker-~diagnostic~-792e7faf-f2d7-41ec-b1b8-e712a307bca5]: Assigning socketPath: /var/folders/9b/qw_yvc6d0_5gl3cqgknb8b2m0000gn/T/fire_emu_16414.sock 
[debug] [2020-05-06T20:56:45.485Z] [worker-~diagnostic~-792e7faf-f2d7-41ec-b1b8-e712a307bca5]: BUSY 
[debug] [2020-05-06T20:56:45.487Z] [worker-~diagnostic~-732442fa-b81b-4e27-ac23-a244e0c68017]: exited 
[debug] [2020-05-06T20:56:45.487Z] [worker-~diagnostic~-732442fa-b81b-4e27-ac23-a244e0c68017]: FINISHED 
[debug] [2020-05-06T20:56:45.488Z] [worker-helloWorld-49995095-e4cc-4f5f-8a27-b7799bed0692]: exited 
[debug] [2020-05-06T20:56:45.488Z] [worker-helloWorld-49995095-e4cc-4f5f-8a27-b7799bed0692]: FINISHED 
[debug] [2020-05-06T20:56:45.879Z] [runtime-status] [16414] Functions runtime initialized. {"cwd":"/Users/auzmor/Desktop/Personal/kbtechspace-site/functions","node_version":"10.16.3"} 
[debug] [2020-05-06T20:56:45.881Z] [runtime-status] [16414] Disabled runtime features: undefined 
[debug] [2020-05-06T20:56:45.886Z] [runtime-status] [16414] Resolved module firebase-admin {"declared":true,"installed":true,"version":"8.11.0","resolution":"/Users/auzmor/Desktop/Personal/kbtechspace-site/functions/node_modules/firebase-admin/lib/index.js"} 
[debug] [2020-05-06T20:56:45.887Z] [runtime-status] [16414] Resolved module firebase-functions {"declared":true,"installed":true,"version":"3.6.0","resolution":"/Users/auzmor/Desktop/Personal/kbtechspace-site/functions/node_modules/firebase-functions/lib/index.js"} 
[debug] [2020-05-06T20:56:45.892Z] [runtime-status] [16414] Outgoing network have been stubbed. [{"name":"http","status":"mocked"},{"name":"http","status":"mocked"},{"name":"https","status":"mocked"},{"name":"https","status":"mocked"},{"name":"net","status":"mocked"}] 
[debug] [2020-05-06T20:56:45.935Z] [runtime-status] [16414] Checked functions.config() {"config":{}} 
[debug] [2020-05-06T20:56:45.936Z] [runtime-status] [16414] Resolved module firebase-functions {"declared":true,"installed":true,"version":"3.6.0","resolution":"/Users/auzmor/Desktop/Personal/kbtechspace-site/functions/node_modules/firebase-functions/lib/index.js"} 
[debug] [2020-05-06T20:56:45.937Z] [runtime-status] [16414] Resolved module firebase-admin {"declared":true,"installed":true,"version":"8.11.0","resolution":"/Users/auzmor/Desktop/Personal/kbtechspace-site/functions/node_modules/firebase-admin/lib/index.js"} 
[debug] [2020-05-06T20:56:45.938Z] [runtime-status] [16414] Resolved module firebase-functions {"declared":true,"installed":true,"version":"3.6.0","resolution":"/Users/auzmor/Desktop/Personal/kbtechspace-site/functions/node_modules/firebase-functions/lib/index.js"} 
[debug] [2020-05-06T20:56:45.938Z] [runtime-status] [16414] firebase-admin has been stubbed. {"adminResolution":{"declared":true,"installed":true,"version":"8.11.0","resolution":"/Users/auzmor/Desktop/Personal/kbtechspace-site/functions/node_modules/firebase-admin/lib/index.js"}} 
[debug] [2020-05-06T20:56:46.444Z] [worker-~diagnostic~-792e7faf-f2d7-41ec-b1b8-e712a307bca5]: IDLE 
